<?xml version="1.0" encoding="UTF-8"?>
<!-- Generated by org.testng.reporters.JUnitReportReporter -->
<testsuite hostname="msuman-PC" failures="0" tests="3" name="demo.TestNGFacebookWH" time="0.504" errors="0" timestamp="04 Feb 2020 23:03:15 GMT" skipped="1">
  <testcase classname="demo.TestNGFacebookWH" name="verifylogo" time="0.125"/>
  <testcase classname="demo.TestNGFacebookWH" name="singup" time="0.379"/>
  <testcase classname="demo.TestNGFacebookWH" name="rediobutton">
    <skipped/>
  </testcase> <!-- rediobutton -->
</testsuite> <!-- demo.TestNGFacebookWH -->
