<?xml version="1.0" encoding="UTF-8"?>
<!-- Generated by org.testng.reporters.JUnitReportReporter -->
<testsuite hostname="msuman-PC" failures="0" tests="3" name="demo.TestNGvarifyHW" time="6.978" errors="0" timestamp="04 Feb 2020 20:35:11 GMT" skipped="0">
  <testcase classname="demo.TestNGvarifyHW" name="enterusername" time="1.970"/>
  <testcase classname="demo.TestNGvarifyHW" name="password" time="0.242"/>
  <testcase classname="demo.TestNGvarifyHW" name="login" time="4.766"/>
</testsuite> <!-- demo.TestNGvarifyHW -->
