<?xml version="1.0" encoding="UTF-8"?>
<!-- Generated by org.testng.reporters.JUnitReportReporter -->
<testsuite hostname="msuman-PC" failures="0" tests="1" name="demo.varifyclass" time="0.156" errors="0" timestamp="04 Feb 2020 13:21:31 GMT" skipped="0">
  <testcase classname="demo.varifyclass" name="varifyvarifaction" time="0.156"/>
</testsuite> <!-- demo.varifyclass -->
